#
# There is insufficient memory for the Java Runtime Environment to continue.
# Native memory allocation (malloc) failed to allocate 1148176 bytes for Chunk::new
# Possible reasons:
#   The system is out of physical RAM or swap space
#   The process is running with CompressedOops enabled, and the Java Heap may be blocking the growth of the native heap
# Possible solutions:
#   Reduce memory load on the system
#   Increase physical memory or swap space
#   Check if swap backing store is full
#   Decrease Java heap size (-Xmx/-Xms)
#   Decrease number of Java threads
#   Decrease Java thread stack sizes (-Xss)
#   Set larger code cache with -XX:ReservedCodeCacheSize=
#   JVM is running with Unscaled Compressed Oops mode in which the Java heap is
#     placed in the first 4GB address space. The Java Heap base address is the
#     maximum limit for the native heap growth. Please use -XX:HeapBaseMinAddress
#     to set the Java Heap base and to place the Java Heap above 4GB virtual address.
# This output file may be truncated or incomplete.
#
#  Out of Memory Error (./src/hotspot/share/memory/arena.cpp:197), pid=22248, tid=43684
#
# JRE version: OpenJDK Runtime Environment (11.0.12+7) (build 11.0.12+7-b1504.28-7817840)
# Java VM: OpenJDK 64-Bit Server VM (11.0.12+7-b1504.28-7817840, mixed mode, tiered, compressed oops, g1 gc, windows-amd64)
# No core dump will be written. Minidumps are not enabled by default on client versions of Windows
#

---------------  S U M M A R Y ------------

Command Line: --add-opens=java.base/java.util=ALL-UNNAMED --add-opens=java.base/java.lang=ALL-UNNAMED --add-opens=java.base/java.lang.invoke=ALL-UNNAMED --add-opens=java.base/java.util=ALL-UNNAMED --add-opens=java.prefs/java.util.prefs=ALL-UNNAMED --add-opens=java.prefs/java.util.prefs=ALL-UNNAMED --add-opens=java.base/java.nio.charset=ALL-UNNAMED --add-opens=java.base/java.net=ALL-UNNAMED --add-opens=java.base/java.util.concurrent.atomic=ALL-UNNAMED -Xmx2048m -Dfile.encoding=UTF-8 -Duser.country=IN -Duser.language=en -Duser.variant org.gradle.launcher.daemon.bootstrap.GradleDaemon 7.3.3

Host: Intel(R) Core(TM) i5-10210U CPU @ 1.60GHz, 8 cores, 7G,  Windows 10 , 64 bit Build 19041 (10.0.19041.1151)
Time: Fri Sep 23 13:13:14 2022 India Standard Time elapsed time: 110.934651 seconds (0d 0h 1m 50s)

---------------  T H R E A D  ---------------

Current thread (0x000001f83b01c000):  JavaThread "C2 CompilerThread0" daemon [_thread_in_native, id=43684, stack(0x000000468dc00000,0x000000468dd00000)]


Current CompileTask:
C2: 110935 3578       4       javax.management.ObjectName::construct (1135 bytes)

Stack: [0x000000468dc00000,0x000000468dd00000]
Native frames: (J=compiled Java code, j=interpreted, Vv=VM code, C=native code)
V  [jvm.dll+0x5fbcea]
V  [jvm.dll+0x731905]
V  [jvm.dll+0x732f1d]
V  [jvm.dll+0x7335d3]
V  [jvm.dll+0x247bf8]
V  [jvm.dll+0xc018c]
V  [jvm.dll+0xc06cc]
V  [jvm.dll+0x35b31d]
V  [jvm.dll+0x19cebc]
V  [jvm.dll+0x20070e]
V  [jvm.dll+0x1ff794]
V  [jvm.dll+0x18868c]
V  [jvm.dll+0x20e0d7]
V  [jvm.dll+0x20c901]
V  [jvm.dll+0x6f9b7f]
V  [jvm.dll+0x6f26a5]
V  [jvm.dll+0x5fabf6]
C  [ucrtbase.dll+0x21bb2]
C  [KERNEL32.DLL+0x17034]
C  [ntdll.dll+0x52651]


---------------  P R O C E S S  ---------------

Threads class SMR info:
_java_thread_list=0x000001f83d9c1c40, length=31, elements={
0x000001f8201fb800, 0x000001f83a680000, 0x000001f83a681000, 0x000001f83b015800,
0x000001f83b018000, 0x000001f83b019000, 0x000001f83b01c000, 0x000001f83b01f800,
0x000001f83a6b8000, 0x000001f83b15c800, 0x000001f83c89b000, 0x000001f83c948800,
0x000001f83c275000, 0x000001f83bd94800, 0x000001f83c752000, 0x000001f83b2e9800,
0x000001f83b2ea800, 0x000001f83b3aa000, 0x000001f83ca83800, 0x000001f83ca85000,
0x000001f83ca81800, 0x000001f83ca82800, 0x000001f83ca84000, 0x000001f83ca7f800,
0x000001f83ca86000, 0x000001f83ca80000, 0x000001f83ca81000, 0x000001f83bb11000,
0x000001f83bb10800, 0x000001f83bb0d000, 0x000001f83bb12000
}

Java Threads: ( => current thread )
  0x000001f8201fb800 JavaThread "main" [_thread_blocked, id=31644, stack(0x000000468d000000,0x000000468d100000)]
  0x000001f83a680000 JavaThread "Reference Handler" daemon [_thread_blocked, id=52816, stack(0x000000468d700000,0x000000468d800000)]
  0x000001f83a681000 JavaThread "Finalizer" daemon [_thread_blocked, id=43248, stack(0x000000468d800000,0x000000468d900000)]
  0x000001f83b015800 JavaThread "Signal Dispatcher" daemon [_thread_blocked, id=49232, stack(0x000000468d900000,0x000000468da00000)]
  0x000001f83b018000 JavaThread "Attach Listener" daemon [_thread_blocked, id=47456, stack(0x000000468da00000,0x000000468db00000)]
  0x000001f83b019000 JavaThread "Service Thread" daemon [_thread_blocked, id=38576, stack(0x000000468db00000,0x000000468dc00000)]
=>0x000001f83b01c000 JavaThread "C2 CompilerThread0" daemon [_thread_in_native, id=43684, stack(0x000000468dc00000,0x000000468dd00000)]
  0x000001f83b01f800 JavaThread "C1 CompilerThread0" daemon [_thread_blocked, id=38976, stack(0x000000468dd00000,0x000000468de00000)]
  0x000001f83a6b8000 JavaThread "Sweeper thread" daemon [_thread_blocked, id=16628, stack(0x000000468de00000,0x000000468df00000)]
  0x000001f83b15c800 JavaThread "Common-Cleaner" daemon [_thread_blocked, id=28040, stack(0x000000468df00000,0x000000468e000000)]
  0x000001f83c89b000 JavaThread "Daemon health stats" [_thread_blocked, id=27184, stack(0x000000468e300000,0x000000468e400000)]
  0x000001f83c948800 JavaThread "Incoming local TCP Connector on port 56069" [_thread_in_native, id=20244, stack(0x000000468e400000,0x000000468e500000)]
  0x000001f83c275000 JavaThread "Daemon periodic checks" [_thread_blocked, id=12864, stack(0x000000468e500000,0x000000468e600000)]
  0x000001f83bd94800 JavaThread "Daemon" [_thread_blocked, id=27804, stack(0x000000468e600000,0x000000468e700000)]
  0x000001f83c752000 JavaThread "Handler for socket connection from /127.0.0.1:56069 to /127.0.0.1:56070" [_thread_in_native, id=42056, stack(0x000000468e700000,0x000000468e800000)]
  0x000001f83b2e9800 JavaThread "Cancel handler" [_thread_blocked, id=18884, stack(0x000000468e800000,0x000000468e900000)]
  0x000001f83b2ea800 JavaThread "Daemon worker" [_thread_in_Java, id=24736, stack(0x000000468e900000,0x000000468ea00000)]
  0x000001f83b3aa000 JavaThread "Asynchronous log dispatcher for DefaultDaemonConnection: socket connection from /127.0.0.1:56069 to /127.0.0.1:56070" [_thread_blocked, id=18428, stack(0x000000468ef00000,0x000000468f000000)]
  0x000001f83ca83800 JavaThread "Daemon client event forwarder" [_thread_blocked, id=19140, stack(0x000000468f100000,0x000000468f200000)]
  0x000001f83ca85000 JavaThread "Cache worker for journal cache (C:\Users\HP\.gradle\caches\journal-1)" [_thread_blocked, id=20988, stack(0x000000468f200000,0x000000468f300000)]
  0x000001f83ca81800 JavaThread "File lock request listener" [_thread_in_native, id=29708, stack(0x000000468f300000,0x000000468f400000)]
  0x000001f83ca82800 JavaThread "Cache worker for file hash cache (C:\Users\HP\.gradle\caches\7.3.3\fileHashes)" [_thread_blocked, id=20216, stack(0x000000468f400000,0x000000468f500000)]
  0x000001f83ca84000 JavaThread "Cache worker for file hash cache (C:\Users\HP\AndroidStudioProjects\ConvertKg\.gradle\7.3.3\fileHashes)" [_thread_blocked, id=29932, stack(0x000000468f600000,0x000000468f700000)]
  0x000001f83ca7f800 JavaThread "File watcher server" daemon [_thread_in_native, id=31720, stack(0x000000468f700000,0x000000468f800000)]
  0x000001f83ca86000 JavaThread "File watcher consumer" daemon [_thread_blocked, id=3468, stack(0x000000468f800000,0x000000468f900000)]
  0x000001f83ca80000 JavaThread "Cache worker for checksums cache (C:\Users\HP\AndroidStudioProjects\ConvertKg\.gradle\7.3.3\checksums)" [_thread_blocked, id=53024, stack(0x000000468f900000,0x000000468fa00000)]
  0x000001f83ca81000 JavaThread "Cache worker for cache directory md-supplier (C:\Users\HP\.gradle\caches\7.3.3\md-supplier)" [_thread_blocked, id=6404, stack(0x000000468fa00000,0x000000468fb00000)]
  0x000001f83bb11000 JavaThread "Cache worker for cache directory md-rule (C:\Users\HP\.gradle\caches\7.3.3\md-rule)" [_thread_blocked, id=35712, stack(0x000000468fb00000,0x000000468fc00000)]
  0x000001f83bb10800 JavaThread "Cache worker for execution history cache (C:\Users\HP\.gradle\caches\7.3.3\executionHistory)" [_thread_blocked, id=16440, stack(0x000000468fc00000,0x000000468fd00000)]
  0x000001f83bb0d000 JavaThread "jar transforms" [_thread_blocked, id=12348, stack(0x000000468cd00000,0x000000468ce00000)]
  0x000001f83bb12000 JavaThread "Cache worker for file content cache (C:\Users\HP\.gradle\caches\7.3.3\fileContent)" [_thread_blocked, id=18652, stack(0x000000468ce00000,0x000000468cf00000)]

Other Threads:
  0x000001f83a67b000 VMThread "VM Thread" [stack: 0x000000468d600000,0x000000468d700000] [id=43400]
  0x000001f83b191800 WatcherThread [stack: 0x000000468e000000,0x000000468e100000] [id=39732]
  0x000001f820216000 GCTaskThread "GC Thread#0" [stack: 0x000000468d100000,0x000000468d200000] [id=34600]
  0x000001f83bdfe800 GCTaskThread "GC Thread#1" [stack: 0x000000468e100000,0x000000468e200000] [id=11464]
  0x000001f83bbce000 GCTaskThread "GC Thread#2" [stack: 0x000000468e200000,0x000000468e300000] [id=49600]
  0x000001f83c4af800 GCTaskThread "GC Thread#3" [stack: 0x000000468ea00000,0x000000468eb00000] [id=8776]
  0x000001f83ba54000 GCTaskThread "GC Thread#4" [stack: 0x000000468eb00000,0x000000468ec00000] [id=40236]
  0x000001f83ba54800 GCTaskThread "GC Thread#5" [stack: 0x000000468ec00000,0x000000468ed00000] [id=33916]
  0x000001f83b319800 GCTaskThread "GC Thread#6" [stack: 0x000000468ed00000,0x000000468ee00000] [id=20500]
  0x000001f83b31a800 GCTaskThread "GC Thread#7" [stack: 0x000000468ee00000,0x000000468ef00000] [id=27560]
  0x000001f820246800 ConcurrentGCThread "G1 Main Marker" [stack: 0x000000468d200000,0x000000468d300000] [id=20332]
  0x000001f820247800 ConcurrentGCThread "G1 Conc#0" [stack: 0x000000468d300000,0x000000468d400000] [id=51048]
  0x000001f83bb78800 ConcurrentGCThread "G1 Conc#1" [stack: 0x000000468f500000,0x000000468f600000] [id=13644]
  0x000001f8202d6000 ConcurrentGCThread "G1 Refine#0" [stack: 0x000000468d400000,0x000000468d500000] [id=45000]
  0x000001f83a4d0800 ConcurrentGCThread "G1 Young RemSet Sampling" [stack: 0x000000468d500000,0x000000468d600000] [id=50904]

Threads with active compile tasks:
C2 CompilerThread0 111076 3578       4       javax.management.ObjectName::construct (1135 bytes)

VM state:not at safepoint (normal execution)

VM Mutex/Monitor currently owned by a thread: None

Heap address: 0x0000000080000000, size: 2048 MB, Compressed Oops mode: 32-bit
Narrow klass base: 0x0000000000000000, Narrow klass shift: 3
Compressed class space size: 1073741824 Address: 0x0000000100000000

Heap:
 garbage-first heap   total 129024K, used 82499K [0x0000000080000000, 0x0000000100000000)
  region size 1024K, 62 young (63488K), 6 survivors (6144K)
 Metaspace       used 39639K, capacity 40511K, committed 40780K, reserved 1085440K
  class space    used 5060K, capacity 5385K, committed 5452K, reserved 1048576K
Heap Regions: E=young(eden), S=young(survivor), O=old, HS=humongous(starts), HC=humongous(continues), CS=collection set, F=free, A=archive, TAMS=top-at-mark-start (previous, next)
|   0|0x0000000080000000, 0x0000000080100000, 0x0000000080100000|100%| O|  |TAMS 0x0000000080100000, 0x0000000080000000| Untracked 
|   1|0x0000000080100000, 0x0000000080200000, 0x0000000080200000|100%| O|  |TAMS 0x0000000080200000, 0x0000000080100000| Untracked 
|   2|0x0000000080200000, 0x0000000080300000, 0x0000000080300000|100%| O|  |TAMS 0x0000000080300000, 0x0000000080200000| Untracked 
|   3|0x0000000080300000, 0x0000000080400000, 0x0000000080400000|100%|HS|  |TAMS 0x0000000080400000, 0x0000000080300000| Complete 
|   4|0x0000000080400000, 0x0000000080500000, 0x0000000080500000|100%|HC|  |TAMS 0x0000000080500000, 0x0000000080400000| Complete 
|   5|0x0000000080500000, 0x0000000080600000, 0x0000000080600000|100%|HC|  |TAMS 0x0000000080600000, 0x0000000080500000| Complete 
|   6|0x0000000080600000, 0x0000000080700000, 0x0000000080700000|100%| O|  |TAMS 0x0000000080700000, 0x0000000080600000| Untracked 
|   7|0x0000000080700000, 0x0000000080800000, 0x0000000080800000|100%| O|  |TAMS 0x0000000080800000, 0x0000000080700000| Untracked 
|   8|0x0000000080800000, 0x0000000080900000, 0x0000000080900000|100%| O|  |TAMS 0x0000000080900000, 0x0000000080800000| Untracked 
|   9|0x0000000080900000, 0x0000000080a00000, 0x0000000080a00000|100%| O|  |TAMS 0x0000000080a00000, 0x0000000080900000| Untracked 
|  10|0x0000000080a00000, 0x0000000080b00000, 0x0000000080b00000|100%| O|  |TAMS 0x0000000080b00000, 0x0000000080a00000| Untracked 
|  11|0x0000000080b00000, 0x0000000080c00000, 0x0000000080c00000|100%| O|  |TAMS 0x0000000080c00000, 0x0000000080b00000| Untracked 
|  12|0x0000000080c00000, 0x0000000080d00000, 0x0000000080d00000|100%| O|  |TAMS 0x0000000080d00000, 0x0000000080c00000| Untracked 
|  13|0x0000000080d00000, 0x0000000080e00000, 0x0000000080e00000|100%| O|  |TAMS 0x0000000080e00000, 0x0000000080d00000| Untracked 
|  14|0x0000000080e00000, 0x0000000080f00000, 0x0000000080f00000|100%| O|  |TAMS 0x0000000080f00000, 0x0000000080e00000| Untracked 
|  15|0x0000000080f00000, 0x0000000081000000, 0x0000000081000000|100%| O|  |TAMS 0x0000000081000000, 0x0000000080f00000| Untracked 
|  16|0x0000000081000000, 0x0000000081100000, 0x0000000081100000|100%| O|  |TAMS 0x0000000081100000, 0x0000000081000000| Untracked 
|  17|0x0000000081100000, 0x0000000081158600, 0x0000000081200000| 34%| O|  |TAMS 0x0000000081158600, 0x0000000081100000| Untracked 
|  18|0x0000000081200000, 0x0000000081300000, 0x0000000081300000|100%|HS|  |TAMS 0x0000000081200000, 0x0000000081200000| Complete 
|  19|0x0000000081300000, 0x0000000081400000, 0x0000000081400000|100%|HS|  |TAMS 0x0000000081300000, 0x0000000081300000| Complete 
|  20|0x0000000081400000, 0x0000000081500000, 0x0000000081500000|100%|HC|  |TAMS 0x0000000081400000, 0x0000000081400000| Complete 
|  21|0x0000000081500000, 0x0000000081500000, 0x0000000081600000|  0%| F|  |TAMS 0x0000000081500000, 0x0000000081500000| Untracked 
|  22|0x0000000081600000, 0x0000000081600000, 0x0000000081700000|  0%| F|  |TAMS 0x0000000081600000, 0x0000000081600000| Untracked 
|  23|0x0000000081700000, 0x0000000081700000, 0x0000000081800000|  0%| F|  |TAMS 0x0000000081700000, 0x0000000081700000| Untracked 
|  24|0x0000000081800000, 0x0000000081800000, 0x0000000081900000|  0%| F|  |TAMS 0x0000000081800000, 0x0000000081800000| Untracked 
|  25|0x0000000081900000, 0x0000000081900000, 0x0000000081a00000|  0%| F|  |TAMS 0x0000000081900000, 0x0000000081900000| Untracked 
|  26|0x0000000081a00000, 0x0000000081a00000, 0x0000000081b00000|  0%| F|  |TAMS 0x0000000081a00000, 0x0000000081a00000| Untracked 
|  27|0x0000000081b00000, 0x0000000081b00000, 0x0000000081c00000|  0%| F|  |TAMS 0x0000000081b00000, 0x0000000081b00000| Untracked 
|  28|0x0000000081c00000, 0x0000000081c00000, 0x0000000081d00000|  0%| F|  |TAMS 0x0000000081c00000, 0x0000000081c00000| Untracked 
|  29|0x0000000081d00000, 0x0000000081d00000, 0x0000000081e00000|  0%| F|  |TAMS 0x0000000081d00000, 0x0000000081d00000| Untracked 
|  30|0x0000000081e00000, 0x0000000081e00000, 0x0000000081f00000|  0%| F|  |TAMS 0x0000000081e00000, 0x0000000081e00000| Untracked 
|  31|0x0000000081f00000, 0x0000000081f00000, 0x0000000082000000|  0%| F|  |TAMS 0x0000000081f00000, 0x0000000081f00000| Untracked 
|  32|0x0000000082000000, 0x0000000082000000, 0x0000000082100000|  0%| F|  |TAMS 0x0000000082000000, 0x0000000082000000| Untracked 
|  33|0x0000000082100000, 0x0000000082100000, 0x0000000082200000|  0%| F|  |TAMS 0x0000000082100000, 0x0000000082100000| Untracked 
|  34|0x0000000082200000, 0x0000000082200000, 0x0000000082300000|  0%| F|  |TAMS 0x0000000082200000, 0x0000000082200000| Untracked 
|  35|0x0000000082300000, 0x0000000082300000, 0x0000000082400000|  0%| F|  |TAMS 0x0000000082300000, 0x0000000082300000| Untracked 
|  36|0x0000000082400000, 0x0000000082400000, 0x0000000082500000|  0%| F|  |TAMS 0x0000000082400000, 0x0000000082400000| Untracked 
|  37|0x0000000082500000, 0x0000000082500000, 0x0000000082600000|  0%| F|  |TAMS 0x0000000082500000, 0x0000000082500000| Untracked 
|  38|0x0000000082600000, 0x0000000082600000, 0x0000000082700000|  0%| F|  |TAMS 0x0000000082600000, 0x0000000082600000| Untracked 
|  39|0x0000000082700000, 0x0000000082700000, 0x0000000082800000|  0%| F|  |TAMS 0x0000000082700000, 0x0000000082700000| Untracked 
|  40|0x0000000082800000, 0x0000000082800000, 0x0000000082900000|  0%| F|  |TAMS 0x0000000082800000, 0x0000000082800000| Untracked 
|  41|0x0000000082900000, 0x0000000082900000, 0x0000000082a00000|  0%| F|  |TAMS 0x0000000082900000, 0x0000000082900000| Untracked 
|  42|0x0000000082a00000, 0x0000000082a00000, 0x0000000082b00000|  0%| F|  |TAMS 0x0000000082a00000, 0x0000000082a00000| Untracked 
|  43|0x0000000082b00000, 0x0000000082b00000, 0x0000000082c00000|  0%| F|  |TAMS 0x0000000082b00000, 0x0000000082b00000| Untracked 
|  44|0x0000000082c00000, 0x0000000082c00000, 0x0000000082d00000|  0%| F|  |TAMS 0x0000000082c00000, 0x0000000082c00000| Untracked 
|  45|0x0000000082d00000, 0x0000000082d00000, 0x0000000082e00000|  0%| F|  |TAMS 0x0000000082d00000, 0x0000000082d00000| Untracked 
|  46|0x0000000082e00000, 0x0000000082e00000, 0x0000000082f00000|  0%| F|  |TAMS 0x0000000082e00000, 0x0000000082e00000| Untracked 
|  47|0x0000000082f00000, 0x0000000082f00000, 0x0000000083000000|  0%| F|  |TAMS 0x0000000082f00000, 0x0000000082f00000| Untracked 
|  48|0x0000000083000000, 0x0000000083000000, 0x0000000083100000|  0%| F|  |TAMS 0x0000000083000000, 0x0000000083000000| Untracked 
|  49|0x0000000083100000, 0x0000000083100000, 0x0000000083200000|  0%| F|  |TAMS 0x0000000083100000, 0x0000000083100000| Untracked 
|  50|0x0000000083200000, 0x0000000083200000, 0x0000000083300000|  0%| F|  |TAMS 0x0000000083200000, 0x0000000083200000| Untracked 
|  51|0x0000000083300000, 0x0000000083300000, 0x0000000083400000|  0%| F|  |TAMS 0x0000000083300000, 0x0000000083300000| Untracked 
|  52|0x0000000083400000, 0x0000000083400000, 0x0000000083500000|  0%| F|  |TAMS 0x0000000083400000, 0x0000000083400000| Untracked 
|  53|0x0000000083500000, 0x0000000083500000, 0x0000000083600000|  0%| F|  |TAMS 0x0000000083500000, 0x0000000083500000| Untracked 
|  54|0x0000000083600000, 0x0000000083600000, 0x0000000083700000|  0%| F|  |TAMS 0x0000000083600000, 0x0000000083600000| Untracked 
|  55|0x0000000083700000, 0x0000000083700000, 0x0000000083800000|  0%| F|  |TAMS 0x0000000083700000, 0x0000000083700000| Untracked 
|  56|0x0000000083800000, 0x0000000083800000, 0x0000000083900000|  0%| F|  |TAMS 0x0000000083800000, 0x0000000083800000| Untracked 
|  57|0x0000000083900000, 0x0000000083900000, 0x0000000083a00000|  0%| F|  |TAMS 0x0000000083900000, 0x0000000083900000| Untracked 
|  58|0x0000000083a00000, 0x0000000083a00000, 0x0000000083b00000|  0%| F|  |TAMS 0x0000000083a00000, 0x0000000083a00000| Untracked 
|  59|0x0000000083b00000, 0x0000000083b00000, 0x0000000083c00000|  0%| F|  |TAMS 0x0000000083b00000, 0x0000000083b00000| Untracked 
|  60|0x0000000083c00000, 0x0000000083c00000, 0x0000000083d00000|  0%| F|  |TAMS 0x0000000083c00000, 0x0000000083c00000| Untracked 
|  61|0x0000000083d00000, 0x0000000083d00000, 0x0000000083e00000|  0%| F|  |TAMS 0x0000000083d00000, 0x0000000083d00000| Untracked 
|  62|0x0000000083e00000, 0x0000000083e00000, 0x0000000083f00000|  0%| F|  |TAMS 0x0000000083e00000, 0x0000000083e00000| Untracked 
|  63|0x0000000083f00000, 0x0000000083f00000, 0x0000000084000000|  0%| F|  |TAMS 0x0000000083f00000, 0x0000000083f00000| Untracked 
|  64|0x0000000084000000, 0x0000000084080800, 0x0000000084100000| 50%| E|  |TAMS 0x0000000084000000, 0x0000000084000000| Complete 
|  65|0x0000000084100000, 0x0000000084200000, 0x0000000084200000|100%| E|CS|TAMS 0x0000000084100000, 0x0000000084100000| Complete 
|  66|0x0000000084200000, 0x0000000084300000, 0x0000000084300000|100%| E|CS|TAMS 0x0000000084200000, 0x0000000084200000| Complete 
|  67|0x0000000084300000, 0x0000000084400000, 0x0000000084400000|100%| E|CS|TAMS 0x0000000084300000, 0x0000000084300000| Complete 
|  68|0x0000000084400000, 0x0000000084500000, 0x0000000084500000|100%| E|CS|TAMS 0x0000000084400000, 0x0000000084400000| Complete 
|  69|0x0000000084500000, 0x0000000084600000, 0x0000000084600000|100%| E|CS|TAMS 0x0000000084500000, 0x0000000084500000| Complete 
|  70|0x0000000084600000, 0x0000000084700000, 0x0000000084700000|100%| E|CS|TAMS 0x0000000084600000, 0x0000000084600000| Complete 
|  71|0x0000000084700000, 0x0000000084800000, 0x0000000084800000|100%| E|CS|TAMS 0x0000000084700000, 0x0000000084700000| Complete 
|  72|0x0000000084800000, 0x0000000084900000, 0x0000000084900000|100%| E|CS|TAMS 0x0000000084800000, 0x0000000084800000| Complete 
|  73|0x0000000084900000, 0x0000000084a00000, 0x0000000084a00000|100%| E|CS|TAMS 0x0000000084900000, 0x0000000084900000| Complete 
|  74|0x0000000084a00000, 0x0000000084b00000, 0x0000000084b00000|100%| E|CS|TAMS 0x0000000084a00000, 0x0000000084a00000| Complete 
|  75|0x0000000084b00000, 0x0000000084c00000, 0x0000000084c00000|100%| E|CS|TAMS 0x0000000084b00000, 0x0000000084b00000| Complete 
|  76|0x0000000084c00000, 0x0000000084d00000, 0x0000000084d00000|100%| E|CS|TAMS 0x0000000084c00000, 0x0000000084c00000| Complete 
|  77|0x0000000084d00000, 0x0000000084e00000, 0x0000000084e00000|100%| E|CS|TAMS 0x0000000084d00000, 0x0000000084d00000| Complete 
|  78|0x0000000084e00000, 0x0000000084f00000, 0x0000000084f00000|100%| E|CS|TAMS 0x0000000084e00000, 0x0000000084e00000| Complete 
|  79|0x0000000084f00000, 0x0000000085000000, 0x0000000085000000|100%| E|CS|TAMS 0x0000000084f00000, 0x0000000084f00000| Complete 
|  80|0x0000000085000000, 0x0000000085100000, 0x0000000085100000|100%| E|CS|TAMS 0x0000000085000000, 0x0000000085000000| Complete 
|  81|0x0000000085100000, 0x0000000085200000, 0x0000000085200000|100%| E|CS|TAMS 0x0000000085100000, 0x0000000085100000| Complete 
|  82|0x0000000085200000, 0x0000000085300000, 0x0000000085300000|100%| E|CS|TAMS 0x0000000085200000, 0x0000000085200000| Complete 
|  83|0x0000000085300000, 0x0000000085400000, 0x0000000085400000|100%| E|CS|TAMS 0x0000000085300000, 0x0000000085300000| Complete 
|  84|0x0000000085400000, 0x0000000085500000, 0x0000000085500000|100%| E|CS|TAMS 0x0000000085400000, 0x0000000085400000| Complete 
|  85|0x0000000085500000, 0x0000000085600000, 0x0000000085600000|100%| E|CS|TAMS 0x0000000085500000, 0x0000000085500000| Complete 
|  86|0x0000000085600000, 0x0000000085700000, 0x0000000085700000|100%| E|CS|TAMS 0x0000000085600000, 0x0000000085600000| Complete 
|  87|0x0000000085700000, 0x0000000085800000, 0x0000000085800000|100%| E|CS|TAMS 0x0000000085700000, 0x0000000085700000| Complete 
|  88|0x0000000085800000, 0x0000000085900000, 0x0000000085900000|100%| E|CS|TAMS 0x0000000085800000, 0x0000000085800000| Complete 
|  89|0x0000000085900000, 0x0000000085a00000, 0x0000000085a00000|100%| E|CS|TAMS 0x0000000085900000, 0x0000000085900000| Complete 
|  90|0x0000000085a00000, 0x0000000085b00000, 0x0000000085b00000|100%| E|CS|TAMS 0x0000000085a00000, 0x0000000085a00000| Complete 
|  91|0x0000000085b00000, 0x0000000085c00000, 0x0000000085c00000|100%| E|CS|TAMS 0x0000000085b00000, 0x0000000085b00000| Complete 
|  92|0x0000000085c00000, 0x0000000085d00000, 0x0000000085d00000|100%| E|CS|TAMS 0x0000000085c00000, 0x0000000085c00000| Complete 
|  93|0x0000000085d00000, 0x0000000085e00000, 0x0000000085e00000|100%| E|CS|TAMS 0x0000000085d00000, 0x0000000085d00000| Complete 
|  94|0x0000000085e00000, 0x0000000085f00000, 0x0000000085f00000|100%| E|CS|TAMS 0x0000000085e00000, 0x0000000085e00000| Complete 
|  95|0x0000000085f00000, 0x0000000086000000, 0x0000000086000000|100%| E|CS|TAMS 0x0000000085f00000, 0x0000000085f00000| Complete 
|  96|0x0000000086000000, 0x0000000086100000, 0x0000000086100000|100%| E|CS|TAMS 0x0000000086000000, 0x0000000086000000| Complete 
|  97|0x0000000086100000, 0x0000000086200000, 0x0000000086200000|100%| E|CS|TAMS 0x0000000086100000, 0x0000000086100000| Complete 
|  98|0x0000000086200000, 0x0000000086300000, 0x0000000086300000|100%| E|CS|TAMS 0x0000000086200000, 0x0000000086200000| Complete 
|  99|0x0000000086300000, 0x0000000086400000, 0x0000000086400000|100%| E|CS|TAMS 0x0000000086300000, 0x0000000086300000| Complete 
| 100|0x0000000086400000, 0x0000000086500000, 0x0000000086500000|100%| E|CS|TAMS 0x0000000086400000, 0x0000000086400000| Complete 
| 101|0x0000000086500000, 0x0000000086600000, 0x0000000086600000|100%| E|CS|TAMS 0x0000000086500000, 0x0000000086500000| Complete 
| 102|0x0000000086600000, 0x0000000086700000, 0x0000000086700000|100%| E|CS|TAMS 0x0000000086600000, 0x0000000086600000| Complete 
| 103|0x0000000086700000, 0x0000000086800000, 0x0000000086800000|100%| E|CS|TAMS 0x0000000086700000, 0x0000000086700000| Complete 
| 104|0x0000000086800000, 0x0000000086900000, 0x0000000086900000|100%| E|CS|TAMS 0x0000000086800000, 0x0000000086800000| Complete 
| 105|0x0000000086900000, 0x0000000086a00000, 0x0000000086a00000|100%| E|CS|TAMS 0x0000000086900000, 0x0000000086900000| Complete 
| 106|0x0000000086a00000, 0x0000000086b00000, 0x0000000086b00000|100%| E|CS|TAMS 0x0000000086a00000, 0x0000000086a00000| Complete 
| 107|0x0000000086b00000, 0x0000000086c00000, 0x0000000086c00000|100%| E|CS|TAMS 0x0000000086b00000, 0x0000000086b00000| Complete 
| 108|0x0000000086c00000, 0x0000000086d00000, 0x0000000086d00000|100%| E|CS|TAMS 0x0000000086c00000, 0x0000000086c00000| Complete 
| 109|0x0000000086d00000, 0x0000000086e00000, 0x0000000086e00000|100%| E|CS|TAMS 0x0000000086d00000, 0x0000000086d00000| Complete 
| 110|0x0000000086e00000, 0x0000000086f00000, 0x0000000086f00000|100%| E|CS|TAMS 0x0000000086e00000, 0x0000000086e00000| Complete 
| 111|0x0000000086f00000, 0x0000000087000000, 0x0000000087000000|100%| E|CS|TAMS 0x0000000086f00000, 0x0000000086f00000| Complete 
| 112|0x0000000087000000, 0x0000000087100000, 0x0000000087100000|100%| E|CS|TAMS 0x0000000087000000, 0x0000000087000000| Complete 
| 113|0x0000000087100000, 0x0000000087138910, 0x0000000087200000| 22%| S|CS|TAMS 0x0000000087100000, 0x0000000087100000| Complete 
| 114|0x0000000087200000, 0x0000000087300000, 0x0000000087300000|100%| S|CS|TAMS 0x0000000087200000, 0x0000000087200000| Complete 
| 115|0x0000000087300000, 0x0000000087400000, 0x0000000087400000|100%| S|CS|TAMS 0x0000000087300000, 0x0000000087300000| Complete 
| 116|0x0000000087400000, 0x0000000087500000, 0x0000000087500000|100%| S|CS|TAMS 0x0000000087400000, 0x0000000087400000| Complete 
| 117|0x0000000087500000, 0x0000000087600000, 0x0000000087600000|100%| S|CS|TAMS 0x0000000087500000, 0x0000000087500000| Complete 
| 118|0x0000000087600000, 0x0000000087700000, 0x0000000087700000|100%| S|CS|TAMS 0x0000000087600000, 0x0000000087600000| Complete 
| 119|0x0000000087700000, 0x0000000087800000, 0x0000000087800000|100%| E|CS|TAMS 0x0000000087700000, 0x0000000087700000| Complete 
| 120|0x0000000087800000, 0x0000000087900000, 0x0000000087900000|100%| E|CS|TAMS 0x0000000087800000, 0x0000000087800000| Complete 
| 121|0x0000000087900000, 0x0000000087a00000, 0x0000000087a00000|100%| E|CS|TAMS 0x0000000087900000, 0x0000000087900000| Complete 
| 122|0x0000000087a00000, 0x0000000087b00000, 0x0000000087b00000|100%| E|CS|TAMS 0x0000000087a00000, 0x0000000087a00000| Complete 
| 123|0x0000000087b00000, 0x0000000087c00000, 0x0000000087c00000|100%| E|CS|TAMS 0x0000000087b00000, 0x0000000087b00000| Complete 
| 124|0x0000000087c00000, 0x0000000087d00000, 0x0000000087d00000|100%| E|CS|TAMS 0x0000000087c00000, 0x0000000087c00000| Complete 
| 125|0x0000000087d00000, 0x0000000087e00000, 0x0000000087e00000|100%| E|CS|TAMS 0x0000000087d00000, 0x0000000087d00000| Complete 

Card table byte_map: [0x000001f833440000,0x000001f833840000] _byte_map_base: 0x000001f833040000

Marking Bits (Prev, Next): (CMBitMap*) 0x000001f82023d868, (CMBitMap*) 0x000001f82023d8a0
 Prev Bits: [0x000001f833c40000, 0x000001f835c40000)
 Next Bits: [0x000001f835c40000, 0x000001f837c40000)

Polling page: 0x000001f81f9e0000

Metaspace:

Usage:
  Non-class:     34.30 MB capacity,    33.77 MB ( 98%) used,   451.63 KB (  1%) free+waste,    91.25 KB ( <1%) overhead. 
      Class:      5.26 MB capacity,     4.94 MB ( 94%) used,   278.72 KB (  5%) free+waste,    43.56 KB ( <1%) overhead. 
       Both:     39.56 MB capacity,    38.72 MB ( 98%) used,   730.34 KB (  2%) free+waste,   134.81 KB ( <1%) overhead. 

Virtual space:
  Non-class space:       36.00 MB reserved,      34.50 MB ( 96%) committed 
      Class space:        1.00 GB reserved,       5.32 MB ( <1%) committed 
             Both:        1.04 GB reserved,      39.82 MB (  4%) committed 

Chunk freelists:
   Non-Class:  10.00 KB
       Class:  23.00 KB
        Both:  33.00 KB

MaxMetaspaceSize: 17179869184.00 GB
CompressedClassSpaceSize: 1.00 GB
Initial GC threshold: 20.80 MB
Current GC threshold: 58.88 MB
CDS: off

CodeHeap 'non-profiled nmethods': size=120000Kb used=1855Kb max_used=1855Kb free=118144Kb
 bounds [0x000001f82b7e0000, 0x000001f82ba50000, 0x000001f832d10000]
CodeHeap 'profiled nmethods': size=120000Kb used=7744Kb max_used=7744Kb free=112255Kb
 bounds [0x000001f8242b0000, 0x000001f824a50000, 0x000001f82b7e0000]
CodeHeap 'non-nmethods': size=5760Kb used=2273Kb max_used=2301Kb free=3487Kb
 bounds [0x000001f823d10000, 0x000001f823f80000, 0x000001f8242b0000]
 total_blobs=4384 nmethods=3620 adapters=675
 compilation: enabled
              stopped_count=0, restarted_count=0
 full_count=0

Compilation events (20 events):
Event: 110.822 Thread 0x000001f83b01f800 3622       3       java.util.Collections$UnmodifiableMap$UnmodifiableEntrySet$1::next (20 bytes)
Event: 110.822 Thread 0x000001f83b01f800 nmethod 3622 0x000001f824a29290 code [0x000001f824a294a0, 0x000001f824a29b38]
Event: 110.824 Thread 0x000001f83b01f800 3623       3       java.beans.FeatureDescriptor::getReturnType (21 bytes)
Event: 110.826 Thread 0x000001f83b01f800 nmethod 3623 0x000001f824a29d10 code [0x000001f824a2a060, 0x000001f824a2b648]
Event: 110.826 Thread 0x000001f83b01f800 3624       3       java.beans.PropertyDescriptor::setPropertyType (9 bytes)
Event: 110.826 Thread 0x000001f83b01f800 nmethod 3624 0x000001f824a2be10 code [0x000001f824a2c000, 0x000001f824a2c388]
Event: 110.834 Thread 0x000001f83b01f800 3625       3       org.codehaus.groovy.reflection.CachedClass::getName (8 bytes)
Event: 110.834 Thread 0x000001f83b01f800 nmethod 3625 0x000001f824a2c510 code [0x000001f824a2c6e0, 0x000001f824a2c8e8]
Event: 110.834 Thread 0x000001f83b01f800 3626       3       groovy.lang.MetaClassImpl$$Lambda$286/0x000000010048fc40::apply (8 bytes)
Event: 110.836 Thread 0x000001f83b01f800 nmethod 3626 0x000001f824a2ca10 code [0x000001f824a2cbe0, 0x000001f824a2cfa8]
Event: 110.836 Thread 0x000001f83b01f800 3627       3       org.codehaus.groovy.util.ComplexKeyHashMap::<init> (11 bytes)
Event: 110.836 Thread 0x000001f83b01f800 nmethod 3627 0x000001f824a2d110 code [0x000001f824a2d2e0, 0x000001f824a2d618]
Event: 110.836 Thread 0x000001f83b01f800 3628       3       org.codehaus.groovy.util.ComplexKeyHashMap::init (20 bytes)
Event: 110.836 Thread 0x000001f83b01f800 nmethod 3628 0x000001f824a2d710 code [0x000001f824a2d8c0, 0x000001f824a2dad8]
Event: 110.837 Thread 0x000001f83b01f800 3629       3       groovy.lang.MetaClassImpl$Index::getNotNull (32 bytes)
Event: 110.838 Thread 0x000001f83b01f800 nmethod 3629 0x000001f824a2db90 code [0x000001f824a2dd80, 0x000001f824a2e408]
Event: 110.839 Thread 0x000001f83b01f800 3630       3       org.codehaus.groovy.reflection.CachedField::getModifiers (8 bytes)
Event: 110.839 Thread 0x000001f83b01f800 nmethod 3630 0x000001f824a2e610 code [0x000001f824a2e7c0, 0x000001f824a2e8d8]
Event: 110.841 Thread 0x000001f83b01f800 3631       3       groovy.lang.MetaClassImpl::establishStaticMetaProperty (262 bytes)
Event: 110.844 Thread 0x000001f83b01f800 nmethod 3631 0x000001f824a2e990 code [0x000001f824a2ec80, 0x000001f824a30498]

GC Heap History (14 events):
Event: 6.614 GC heap before
{Heap before GC invocations=0 (full 0):
 garbage-first heap   total 129024K, used 29696K [0x0000000080000000, 0x0000000100000000)
  region size 1024K, 24 young (24576K), 0 survivors (0K)
 Metaspace       used 10254K, capacity 10495K, committed 10624K, reserved 1058816K
  class space    used 1071K, capacity 1141K, committed 1152K, reserved 1048576K
}
Event: 6.989 GC heap after
{Heap after GC invocations=1 (full 0):
 garbage-first heap   total 129024K, used 9583K [0x0000000080000000, 0x0000000100000000)
  region size 1024K, 3 young (3072K), 3 survivors (3072K)
 Metaspace       used 10254K, capacity 10495K, committed 10624K, reserved 1058816K
  class space    used 1071K, capacity 1141K, committed 1152K, reserved 1048576K
}
Event: 10.153 GC heap before
{Heap before GC invocations=1 (full 0):
 garbage-first heap   total 129024K, used 36207K [0x0000000080000000, 0x0000000100000000)
  region size 1024K, 29 young (29696K), 3 survivors (3072K)
 Metaspace       used 11244K, capacity 11450K, committed 11520K, reserved 1058816K
  class space    used 1175K, capacity 1246K, committed 1280K, reserved 1048576K
}
Event: 10.159 GC heap after
{Heap after GC invocations=2 (full 0):
 garbage-first heap   total 129024K, used 10726K [0x0000000080000000, 0x0000000100000000)
  region size 1024K, 1 young (1024K), 1 survivors (1024K)
 Metaspace       used 11244K, capacity 11450K, committed 11520K, reserved 1058816K
  class space    used 1175K, capacity 1246K, committed 1280K, reserved 1048576K
}
Event: 17.730 GC heap before
{Heap before GC invocations=2 (full 0):
 garbage-first heap   total 129024K, used 50662K [0x0000000080000000, 0x0000000100000000)
  region size 1024K, 40 young (40960K), 1 survivors (1024K)
 Metaspace       used 16838K, capacity 17170K, committed 17280K, reserved 1064960K
  class space    used 1944K, capacity 2068K, committed 2176K, reserved 1048576K
}
Event: 17.772 GC heap after
{Heap after GC invocations=3 (full 0):
 garbage-first heap   total 129024K, used 16355K [0x0000000080000000, 0x0000000100000000)
  region size 1024K, 5 young (5120K), 5 survivors (5120K)
 Metaspace       used 16838K, capacity 17170K, committed 17280K, reserved 1064960K
  class space    used 1944K, capacity 2068K, committed 2176K, reserved 1048576K
}
Event: 19.064 GC heap before
{Heap before GC invocations=3 (full 0):
 garbage-first heap   total 129024K, used 50147K [0x0000000080000000, 0x0000000100000000)
  region size 1024K, 39 young (39936K), 5 survivors (5120K)
 Metaspace       used 20712K, capacity 21141K, committed 21248K, reserved 1067008K
  class space    used 2546K, capacity 2712K, committed 2816K, reserved 1048576K
}
Event: 19.081 GC heap after
{Heap after GC invocations=4 (full 0):
 garbage-first heap   total 129024K, used 18076K [0x0000000080000000, 0x0000000100000000)
  region size 1024K, 2 young (2048K), 2 survivors (2048K)
 Metaspace       used 20712K, capacity 21141K, committed 21248K, reserved 1067008K
  class space    used 2546K, capacity 2712K, committed 2816K, reserved 1048576K
}
Event: 21.634 GC heap before
{Heap before GC invocations=5 (full 0):
 garbage-first heap   total 129024K, used 66204K [0x0000000080000000, 0x0000000100000000)
  region size 1024K, 49 young (50176K), 2 survivors (2048K)
 Metaspace       used 25823K, capacity 26393K, committed 26624K, reserved 1073152K
  class space    used 3342K, capacity 3553K, committed 3584K, reserved 1048576K
}
Event: 21.645 GC heap after
{Heap after GC invocations=6 (full 0):
 garbage-first heap   total 129024K, used 19748K [0x0000000080000000, 0x0000000100000000)
  region size 1024K, 4 young (4096K), 4 survivors (4096K)
 Metaspace       used 25823K, capacity 26393K, committed 26624K, reserved 1073152K
  class space    used 3342K, capacity 3553K, committed 3584K, reserved 1048576K
}
Event: 29.841 GC heap before
{Heap before GC invocations=6 (full 0):
 garbage-first heap   total 129024K, used 77092K [0x0000000080000000, 0x0000000100000000)
  region size 1024K, 60 young (61440K), 4 survivors (4096K)
 Metaspace       used 32235K, capacity 33051K, committed 33280K, reserved 1077248K
  class space    used 4302K, capacity 4608K, committed 4608K, reserved 1048576K
}
Event: 29.915 GC heap after
{Heap after GC invocations=7 (full 0):
 garbage-first heap   total 129024K, used 22052K [0x0000000080000000, 0x0000000100000000)
  region size 1024K, 6 young (6144K), 6 survivors (6144K)
 Metaspace       used 32235K, capacity 33051K, committed 33280K, reserved 1077248K
  class space    used 4302K, capacity 4608K, committed 4608K, reserved 1048576K
}
Event: 103.040 GC heap before
{Heap before GC invocations=7 (full 0):
 garbage-first heap   total 129024K, used 28196K [0x0000000080000000, 0x0000000100000000)
  region size 1024K, 13 young (13312K), 6 survivors (6144K)
 Metaspace       used 35040K, capacity 35795K, committed 35840K, reserved 1081344K
  class space    used 4534K, capacity 4839K, committed 4864K, reserved 1048576K
}
Event: 103.642 GC heap after
{Heap after GC invocations=8 (full 0):
 garbage-first heap   total 129024K, used 23107K [0x0000000080000000, 0x0000000100000000)
  region size 1024K, 6 young (6144K), 6 survivors (6144K)
 Metaspace       used 35040K, capacity 35795K, committed 35840K, reserved 1081344K
  class space    used 4534K, capacity 4839K, committed 4864K, reserved 1048576K
}

Deoptimization events (20 events):
Event: 108.646 Thread 0x000001f83b2ea800 Uncommon trap: trap_request=0xffffffde fr.pc=0x000001f82b964d08 relative=0x0000000000000468
Event: 108.646 Thread 0x000001f83b2ea800 Uncommon trap: reason=class_check action=maybe_recompile pc=0x000001f82b964d08 method=java.util.regex.Pattern$Start.match(Ljava/util/regex/Matcher;ILjava/lang/CharSequence;)Z @ 44 c2
Event: 108.646 Thread 0x000001f83b2ea800 DEOPT PACKING pc=0x000001f82b964d08 sp=0x000000468e9f7c60
Event: 108.646 Thread 0x000001f83b2ea800 DEOPT UNPACKING pc=0x000001f823d5a1af sp=0x000000468e9f7b28 mode 2
Event: 108.651 Thread 0x000001f83b2ea800 Uncommon trap: trap_request=0xffffffde fr.pc=0x000001f82b954f40 relative=0x0000000000000440
Event: 108.651 Thread 0x000001f83b2ea800 Uncommon trap: reason=class_check action=maybe_recompile pc=0x000001f82b954f40 method=java.util.regex.Pattern$Start.match(Ljava/util/regex/Matcher;ILjava/lang/CharSequence;)Z @ 44 c2
Event: 108.651 Thread 0x000001f83b2ea800 DEOPT PACKING pc=0x000001f82b954f40 sp=0x000000468e9f7be0
Event: 108.651 Thread 0x000001f83b2ea800 DEOPT UNPACKING pc=0x000001f823d5a1af sp=0x000000468e9f7b20 mode 2
Event: 109.024 Thread 0x000001f83b2ea800 Uncommon trap: trap_request=0xffffffbe fr.pc=0x000001f82b98d930 relative=0x0000000000000850
Event: 109.024 Thread 0x000001f83b2ea800 Uncommon trap: reason=profile_predicate action=maybe_recompile pc=0x000001f82b98d930 method=java.lang.PublicMethods$MethodList.filter([Ljava/lang/reflect/Method;Ljava/lang/String;[Ljava/lang/Class;Z)Ljava/lang/PublicMethods$MethodList; @ 21 c2
Event: 109.024 Thread 0x000001f83b2ea800 DEOPT PACKING pc=0x000001f82b98d930 sp=0x000000468e9f90d0
Event: 109.024 Thread 0x000001f83b2ea800 DEOPT UNPACKING pc=0x000001f823d5a1af sp=0x000000468e9f9088 mode 2
Event: 109.024 Thread 0x000001f83b2ea800 Uncommon trap: trap_request=0xffffffbe fr.pc=0x000001f82b98d930 relative=0x0000000000000850
Event: 109.024 Thread 0x000001f83b2ea800 Uncommon trap: reason=profile_predicate action=maybe_recompile pc=0x000001f82b98d930 method=java.lang.PublicMethods$MethodList.filter([Ljava/lang/reflect/Method;Ljava/lang/String;[Ljava/lang/Class;Z)Ljava/lang/PublicMethods$MethodList; @ 21 c2
Event: 109.024 Thread 0x000001f83b2ea800 DEOPT PACKING pc=0x000001f82b98d930 sp=0x000000468e9f90b0
Event: 109.024 Thread 0x000001f83b2ea800 DEOPT UNPACKING pc=0x000001f823d5a1af sp=0x000000468e9f9068 mode 2
Event: 110.666 Thread 0x000001f83b2ea800 Uncommon trap: trap_request=0xffffff4d fr.pc=0x000001f82b91b868 relative=0x0000000000000908
Event: 110.666 Thread 0x000001f83b2ea800 Uncommon trap: reason=unstable_if action=reinterpret pc=0x000001f82b91b868 method=java.util.WeakHashMap.eq(Ljava/lang/Object;Ljava/lang/Object;)Z @ 2 c2
Event: 110.666 Thread 0x000001f83b2ea800 DEOPT PACKING pc=0x000001f82b91b868 sp=0x000000468e9f37c0
Event: 110.666 Thread 0x000001f83b2ea800 DEOPT UNPACKING pc=0x000001f823d5a1af sp=0x000000468e9f3730 mode 2

Classes redefined (0 events):
No events

Internal exceptions (20 events):
Event: 109.700 Thread 0x000001f83b2ea800 Exception <a 'java/lang/ClassNotFoundException'{0x0000000084b37088}: org/gradle/internal/metaobject/ConfigureDelegateBeanInfo> (0x0000000084b37088) thrown at [./src/hotspot/share/classfile/systemDictionary.cpp, line 231]
Event: 109.708 Thread 0x000001f83b2ea800 Exception <a 'java/lang/ClassNotFoundException'{0x0000000084b5d2e0}: org/gradle/internal/metaobject/ConfigureDelegateCustomizer> (0x0000000084b5d2e0) thrown at [./src/hotspot/share/classfile/systemDictionary.cpp, line 231]
Event: 109.741 Thread 0x000001f83b2ea800 Exception <a 'java/lang/ClassNotFoundException'{0x0000000084bea140}: org/gradle/plugin/management/internal/DefaultPluginManagementSpec_DecoratedBeanInfo> (0x0000000084bea140) thrown at [./src/hotspot/share/classfile/systemDictionary.cpp, line 231]
Event: 109.746 Thread 0x000001f83b2ea800 Exception <a 'java/lang/ClassNotFoundException'{0x0000000084a21fe8}: org/gradle/plugin/management/internal/DefaultPluginManagementSpecBeanInfo> (0x0000000084a21fe8) thrown at [./src/hotspot/share/classfile/systemDictionary.cpp, line 231]
Event: 109.750 Thread 0x000001f83b2ea800 Exception <a 'java/lang/ClassNotFoundException'{0x0000000084a5b5b0}: org/gradle/plugin/management/internal/DefaultPluginManagementSpecCustomizer> (0x0000000084a5b5b0) thrown at [./src/hotspot/share/classfile/systemDictionary.cpp, line 231]
Event: 109.762 Thread 0x000001f83b2ea800 Exception <a 'java/lang/ClassNotFoundException'{0x0000000084aa7fd0}: org/gradle/plugin/management/internal/DefaultPluginManagementSpec_DecoratedCustomizer> (0x0000000084aa7fd0) thrown at [./src/hotspot/share/classfile/systemDictionary.cpp, line 231]
Event: 110.577 Thread 0x000001f83b2ea800 Exception <a 'java/lang/ClassNotFoundException'{0x0000000084552ed8}: org/gradle/api/internal/artifacts/dsl/DefaultRepositoryHandler_DecoratedBeanInfo> (0x0000000084552ed8) thrown at [./src/hotspot/share/classfile/systemDictionary.cpp, line 231]
Event: 110.590 Thread 0x000001f83b2ea800 Exception <a 'java/lang/ClassNotFoundException'{0x000000008458d8e0}: org/gradle/api/internal/artifacts/dsl/DefaultRepositoryHandlerBeanInfo> (0x000000008458d8e0) thrown at [./src/hotspot/share/classfile/systemDictionary.cpp, line 231]
Event: 110.596 Thread 0x000001f83b2ea800 Exception <a 'java/lang/ClassNotFoundException'{0x00000000845cae98}: org/gradle/api/internal/artifacts/DefaultArtifactRepositoryContainerBeanInfo> (0x00000000845cae98) thrown at [./src/hotspot/share/classfile/systemDictionary.cpp, line 231]
Event: 110.601 Thread 0x000001f83b2ea800 Exception <a 'java/lang/ClassNotFoundException'{0x00000000845f6158}: org/gradle/api/internal/DefaultNamedDomainObjectListBeanInfo> (0x00000000845f6158) thrown at [./src/hotspot/share/classfile/systemDictionary.cpp, line 231]
Event: 110.613 Thread 0x000001f83b2ea800 Exception <a 'java/lang/ClassNotFoundException'{0x0000000084422e28}: org/gradle/api/internal/DefaultNamedDomainObjectCollectionBeanInfo> (0x0000000084422e28) thrown at [./src/hotspot/share/classfile/systemDictionary.cpp, line 231]
Event: 110.621 Thread 0x000001f83b2ea800 Exception <a 'java/lang/ClassNotFoundException'{0x000000008444e4c0}: org/gradle/api/internal/DefaultDomainObjectCollectionBeanInfo> (0x000000008444e4c0) thrown at [./src/hotspot/share/classfile/systemDictionary.cpp, line 231]
Event: 110.625 Thread 0x000001f83b2ea800 Exception <a 'java/lang/ClassNotFoundException'{0x0000000084454b68}: java/util/AbstractCollectionBeanInfo> (0x0000000084454b68) thrown at [./src/hotspot/share/classfile/systemDictionary.cpp, line 231]
Event: 110.629 Thread 0x000001f83b2ea800 Exception <a 'java/lang/ClassNotFoundException'{0x000000008445b1b8}: java/util/AbstractCollectionCustomizer> (0x000000008445b1b8) thrown at [./src/hotspot/share/classfile/systemDictionary.cpp, line 231]
Event: 110.652 Thread 0x000001f83b2ea800 Exception <a 'java/lang/ClassNotFoundException'{0x000000008448fd58}: org/gradle/api/internal/DefaultDomainObjectCollectionCustomizer> (0x000000008448fd58) thrown at [./src/hotspot/share/classfile/systemDictionary.cpp, line 231]
Event: 110.665 Thread 0x000001f83b2ea800 Exception <a 'java/lang/ClassNotFoundException'{0x00000000844d9ba8}: org/gradle/api/internal/DefaultNamedDomainObjectCollectionCustomizer> (0x00000000844d9ba8) thrown at [./src/hotspot/share/classfile/systemDictionary.cpp, line 231]
Event: 110.732 Thread 0x000001f83b2ea800 Exception <a 'java/lang/ClassNotFoundException'{0x0000000084354190}: org/gradle/api/internal/DefaultNamedDomainObjectListCustomizer> (0x0000000084354190) thrown at [./src/hotspot/share/classfile/systemDictionary.cpp, line 231]
Event: 110.754 Thread 0x000001f83b2ea800 Exception <a 'java/lang/ClassNotFoundException'{0x00000000843ab258}: org/gradle/api/internal/artifacts/DefaultArtifactRepositoryContainerCustomizer> (0x00000000843ab258) thrown at [./src/hotspot/share/classfile/systemDictionary.cpp, line 231]
Event: 110.774 Thread 0x000001f83b2ea800 Exception <a 'java/lang/ClassNotFoundException'{0x00000000843f6780}: org/gradle/api/internal/artifacts/dsl/DefaultRepositoryHandlerCustomizer> (0x00000000843f6780) thrown at [./src/hotspot/share/classfile/systemDictionary.cpp, line 231]
Event: 110.812 Thread 0x000001f83b2ea800 Exception <a 'java/lang/ClassNotFoundException'{0x0000000084254620}: org/gradle/api/internal/artifacts/dsl/DefaultRepositoryHandler_DecoratedCustomizer> (0x0000000084254620) thrown at [./src/hotspot/share/classfile/systemDictionary.cpp, line 231]

Events (20 events):
Event: 110.786 loading class org/gradle/api/internal/artifacts/dsl/DefaultRepositoryHandler_DecoratedCustomizer
Event: 110.786 loading class org/gradle/api/internal/artifacts/dsl/DefaultRepositoryHandler_DecoratedCustomizer done
Event: 110.808 loading class org/gradle/api/internal/artifacts/dsl/DefaultRepositoryHandler_DecoratedCustomizer
Event: 110.808 loading class org/gradle/api/internal/artifacts/dsl/DefaultRepositoryHandler_DecoratedCustomizer done
Event: 110.808 loading class org/gradle/api/internal/artifacts/dsl/DefaultRepositoryHandler_DecoratedCustomizer
Event: 110.808 loading class org/gradle/api/internal/artifacts/dsl/DefaultRepositoryHandler_DecoratedCustomizer done
Event: 110.812 loading class org/gradle/api/internal/artifacts/dsl/DefaultRepositoryHandler_DecoratedCustomizer
Event: 110.812 loading class org/gradle/api/internal/artifacts/dsl/DefaultRepositoryHandler_DecoratedCustomizer done
Event: 110.844 loading class org/gradle/api/internal/artifacts/repositories/DefaultBaseRepositoryFactory$NamedMavenRepositoryDescriber
Event: 110.844 loading class org/gradle/api/internal/artifacts/repositories/DefaultBaseRepositoryFactory$NamedMavenRepositoryDescriber done
Event: 110.858 loading class org/gradle/api/internal/artifacts/repositories/DefaultMavenArtifactRepository
Event: 110.858 loading class org/gradle/api/internal/artifacts/repositories/DefaultMavenArtifactRepository done
Event: 110.882 loading class org/gradle/api/internal/artifacts/repositories/ResolutionAwareRepository
Event: 110.882 loading class org/gradle/api/internal/artifacts/repositories/ResolutionAwareRepository done
Event: 110.884 loading class org/gradle/api/internal/artifacts/repositories/PublicationAwareRepository
Event: 110.884 loading class org/gradle/api/internal/artifacts/repositories/PublicationAwareRepository done
Event: 110.887 loading class org/gradle/api/internal/artifacts/repositories/AbstractAuthenticationSupportedRepository
Event: 110.887 loading class org/gradle/api/internal/artifacts/repositories/AbstractAuthenticationSupportedRepository done
Event: 110.891 loading class org/gradle/internal/artifacts/repositories/AuthenticationSupportedInternal
Event: 110.891 loading class org/gradle/internal/artifacts/repositories/AuthenticationSupportedInternal done


Dynamic libraries:
0x00007ff7b2180000 - 0x00007ff7b218a000 	C:\Program Files\Android\Android Studio\jre\bin\java.exe
0x00007ffff8af0000 - 0x00007ffff8ce5000 	C:\windows\SYSTEM32\ntdll.dll
0x00007ffff8010000 - 0x00007ffff80cd000 	C:\windows\System32\KERNEL32.DLL
0x00007ffff6350000 - 0x00007ffff6619000 	C:\windows\System32\KERNELBASE.dll
0x00007ffff6730000 - 0x00007ffff6830000 	C:\windows\System32\ucrtbase.dll
0x00007fffd27c0000 - 0x00007fffd27d7000 	C:\Program Files\Android\Android Studio\jre\bin\VCRUNTIME140.dll
0x00007fffc9550000 - 0x00007fffc9569000 	C:\Program Files\Android\Android Studio\jre\bin\jli.dll
0x00007ffff7570000 - 0x00007ffff7710000 	C:\windows\System32\USER32.dll
0x00007ffff6830000 - 0x00007ffff6852000 	C:\windows\System32\win32u.dll
0x00007ffff78f0000 - 0x00007ffff791a000 	C:\windows\System32\GDI32.dll
0x00007ffff6620000 - 0x00007ffff672b000 	C:\windows\System32\gdi32full.dll
0x00007ffff62b0000 - 0x00007ffff634d000 	C:\windows\System32\msvcp_win.dll
0x00007fffdbbe0000 - 0x00007fffdbe7a000 	C:\windows\WinSxS\amd64_microsoft.windows.common-controls_6595b64144ccf1df_6.0.19041.1110_none_60b5254171f9507e\COMCTL32.dll
0x00007ffff6b80000 - 0x00007ffff6c1e000 	C:\windows\System32\msvcrt.dll
0x00007ffff6b50000 - 0x00007ffff6b80000 	C:\windows\System32\IMM32.DLL
0x00007fff90ce0000 - 0x00007fff90d7d000 	C:\Program Files\Android\Android Studio\jre\bin\msvcp140.dll
0x00007fff78a70000 - 0x00007fff79555000 	C:\Program Files\Android\Android Studio\jre\bin\server\jvm.dll
0x00007ffff7170000 - 0x00007ffff721c000 	C:\windows\System32\ADVAPI32.dll
0x00007ffff7920000 - 0x00007ffff79bb000 	C:\windows\System32\sechost.dll
0x00007ffff8190000 - 0x00007ffff82ba000 	C:\windows\System32\RPCRT4.dll
0x00007ffff7710000 - 0x00007ffff7718000 	C:\windows\System32\PSAPI.DLL
0x00007fffef0b0000 - 0x00007fffef0b9000 	C:\windows\SYSTEM32\WSOCK32.dll
0x00007ffff7fa0000 - 0x00007ffff800b000 	C:\windows\System32\WS2_32.dll
0x00007fffde470000 - 0x00007fffde497000 	C:\windows\SYSTEM32\WINMM.dll
0x00007fffeff10000 - 0x00007fffeff1a000 	C:\windows\SYSTEM32\VERSION.dll
0x00007ffff4ae0000 - 0x00007ffff4af2000 	C:\windows\SYSTEM32\kernel.appcore.dll
0x00007ffff04c0000 - 0x00007ffff04d1000 	C:\Program Files\Android\Android Studio\jre\bin\verify.dll
0x00007ffff4020000 - 0x00007ffff4204000 	C:\windows\SYSTEM32\DBGHELP.DLL
0x00007fffde600000 - 0x00007fffde62c000 	C:\windows\SYSTEM32\dbgcore.DLL
0x00007ffff6220000 - 0x00007ffff62a3000 	C:\windows\System32\bcryptPrimitives.dll
0x00007fffef110000 - 0x00007fffef139000 	C:\Program Files\Android\Android Studio\jre\bin\java.dll
0x00007ffff1ce0000 - 0x00007ffff1ceb000 	C:\Program Files\Android\Android Studio\jre\bin\jimage.dll
0x00007fffeed00000 - 0x00007fffeed18000 	C:\Program Files\Android\Android Studio\jre\bin\zip.dll
0x00007ffff8370000 - 0x00007ffff8aaf000 	C:\windows\System32\SHELL32.dll
0x00007ffff4210000 - 0x00007ffff49a0000 	C:\windows\SYSTEM32\windows.storage.dll
0x00007ffff79c0000 - 0x00007ffff7d15000 	C:\windows\System32\combase.dll
0x00007ffff5bb0000 - 0x00007ffff5bdc000 	C:\windows\SYSTEM32\Wldp.dll
0x00007ffff82c0000 - 0x00007ffff836e000 	C:\windows\System32\SHCORE.dll
0x00007ffff8130000 - 0x00007ffff8185000 	C:\windows\System32\shlwapi.dll
0x00007ffff6160000 - 0x00007ffff617f000 	C:\windows\SYSTEM32\profapi.dll
0x00007fffef240000 - 0x00007fffef25a000 	C:\Program Files\Android\Android Studio\jre\bin\net.dll
0x00007fffe1ba0000 - 0x00007fffe1ca8000 	C:\windows\SYSTEM32\WINHTTP.dll
0x00007ffff5910000 - 0x00007ffff597a000 	C:\windows\system32\mswsock.dll
0x00007fffeece0000 - 0x00007fffeecf4000 	C:\Program Files\Android\Android Studio\jre\bin\nio.dll
0x00007fffc0000000 - 0x00007fffc0027000 	C:\Users\HP\.gradle\native\e1d6ef7f7dcc3fd88c89a11ec53ec762bb8ba0a96d01ffa2cd45eb1d1d8dd5c5\windows-amd64\native-platform.dll
0x00007fff7bd40000 - 0x00007fff7be84000 	C:\Users\HP\.gradle\native\5664cfc778a61ccfe75a443a1ab52a65af34e5dc3c78e0209fed803814484fcb\windows-amd64\native-platform-file-events.dll
0x00007ffff1d00000 - 0x00007ffff1d0a000 	C:\Program Files\Android\Android Studio\jre\bin\management.dll
0x00007ffff1540000 - 0x00007ffff154d000 	C:\Program Files\Android\Android Studio\jre\bin\management_ext.dll
0x00007ffff5b00000 - 0x00007ffff5b18000 	C:\windows\SYSTEM32\CRYPTSP.dll
0x00007ffff5290000 - 0x00007ffff52c4000 	C:\windows\system32\rsaenh.dll
0x00007ffff68b0000 - 0x00007ffff68d7000 	C:\windows\System32\bcrypt.dll
0x00007ffff60e0000 - 0x00007ffff610e000 	C:\windows\SYSTEM32\USERENV.dll
0x00007ffff5b20000 - 0x00007ffff5b2c000 	C:\windows\SYSTEM32\CRYPTBASE.dll
0x00007ffff5600000 - 0x00007ffff563b000 	C:\windows\SYSTEM32\IPHLPAPI.DLL
0x00007ffff7f90000 - 0x00007ffff7f98000 	C:\windows\System32\NSI.dll
0x00007fffee610000 - 0x00007fffee627000 	C:\windows\SYSTEM32\dhcpcsvc6.DLL
0x00007fffee520000 - 0x00007fffee53d000 	C:\windows\SYSTEM32\dhcpcsvc.DLL
0x00007ffff5640000 - 0x00007ffff570c000 	C:\windows\SYSTEM32\DNSAPI.dll

dbghelp: loaded successfully - version: 4.0.5 - missing functions: none
symbol engine: initialized successfully - sym options: 0x614 - pdb path: .;C:\Program Files\Android\Android Studio\jre\bin;C:\windows\SYSTEM32;C:\windows\WinSxS\amd64_microsoft.windows.common-controls_6595b64144ccf1df_6.0.19041.1110_none_60b5254171f9507e;C:\Program Files\Android\Android Studio\jre\bin\server;C:\Users\HP\.gradle\native\e1d6ef7f7dcc3fd88c89a11ec53ec762bb8ba0a96d01ffa2cd45eb1d1d8dd5c5\windows-amd64;C:\Users\HP\.gradle\native\5664cfc778a61ccfe75a443a1ab52a65af34e5dc3c78e0209fed803814484fcb\windows-amd64

VM Arguments:
jvm_args: --add-opens=java.base/java.util=ALL-UNNAMED --add-opens=java.base/java.lang=ALL-UNNAMED --add-opens=java.base/java.lang.invoke=ALL-UNNAMED --add-opens=java.base/java.util=ALL-UNNAMED --add-opens=java.prefs/java.util.prefs=ALL-UNNAMED --add-opens=java.prefs/java.util.prefs=ALL-UNNAMED --add-opens=java.base/java.nio.charset=ALL-UNNAMED --add-opens=java.base/java.net=ALL-UNNAMED --add-opens=java.base/java.util.concurrent.atomic=ALL-UNNAMED -Xmx2048m -Dfile.encoding=UTF-8 -Duser.country=IN -Duser.language=en -Duser.variant 
java_command: org.gradle.launcher.daemon.bootstrap.GradleDaemon 7.3.3
java_class_path (initial): C:\Users\HP\.gradle\wrapper\dists\gradle-7.3.3-bin\6a41zxkdtcxs8rphpq6y0069z\gradle-7.3.3\lib\gradle-launcher-7.3.3.jar
Launcher Type: SUN_STANDARD

[Global flags]
     intx CICompilerCount                          = 4                                         {product} {ergonomic}
     uint ConcGCThreads                            = 2                                         {product} {ergonomic}
     uint G1ConcRefinementThreads                  = 8                                         {product} {ergonomic}
   size_t G1HeapRegionSize                         = 1048576                                   {product} {ergonomic}
    uintx GCDrainStackTargetSize                   = 64                                        {product} {ergonomic}
   size_t InitialHeapSize                          = 132120576                                 {product} {ergonomic}
   size_t MarkStackSize                            = 4194304                                   {product} {ergonomic}
   size_t MaxHeapSize                              = 2147483648                                {product} {command line}
   size_t MaxNewSize                               = 1287651328                                {product} {ergonomic}
   size_t MinHeapDeltaBytes                        = 1048576                                   {product} {ergonomic}
    uintx NonNMethodCodeHeapSize                   = 5836300                                {pd product} {ergonomic}
    uintx NonProfiledCodeHeapSize                  = 122910970                              {pd product} {ergonomic}
    uintx ProfiledCodeHeapSize                     = 122910970                              {pd product} {ergonomic}
    uintx ReservedCodeCacheSize                    = 251658240                              {pd product} {ergonomic}
     bool SegmentedCodeCache                       = true                                      {product} {ergonomic}
     bool UseCompressedClassPointers               = true                                 {lp64_product} {ergonomic}
     bool UseCompressedOops                        = true                                 {lp64_product} {ergonomic}
     bool UseG1GC                                  = true                                      {product} {ergonomic}
     bool UseLargePagesIndividualAllocation        = false                                  {pd product} {ergonomic}

Logging:
Log output configuration:
 #0: stdout all=warning uptime,level,tags
 #1: stderr all=off uptime,level,tags

Environment Variables:
JAVA_HOME=C:\Program Files\Java\jdk-18.0.2.1\bin
PATH=C:\Program Files\Common Files\Oracle\Java\javapath;C:\Program Files (x86)\Common Files\Oracle\Java\javapath;C:\windows\system32;C:\windows;C:\windows\System32\Wbem;C:\windows\System32\WindowsPowerShell\v1.0\;C:\windows\System32\OpenSSH\;C:\Program Files\Microsoft VS Code\bin;C:\Program Files\dotnet\;C:\Program Files\Git\cmd;C:\Users\HP\AppData\Local\Programs\Python\Python310;C:\Program Files\Java\jdk-18.0.2.1\bin;C:\Users\HP\AppData\Local\Microsoft\WindowsApps;C:\Users\HP\AppData\Local\Programs\Microsoft VS Code\bin;C:\Program Files (x86)\mingw-w64\i686-8.1.0-posix-dwarf-rt_v6-rev0\mingw32\bin;C:\Program Files\heroku\bin;C:\Users\HP\AppData\Local\Programs\Python\Python310\Scripts;;C:\Program Files\JetBrains\IntelliJ IDEA Community Edition 2022.2.1\bin;
USERNAME=HP
OS=Windows_NT
PROCESSOR_IDENTIFIER=Intel64 Family 6 Model 142 Stepping 12, GenuineIntel



---------------  S Y S T E M  ---------------

OS: Windows 10 , 64 bit Build 19041 (10.0.19041.1151)
OS uptime: 14 days 0:27 hours

CPU:total 8 (initial active 8) (4 cores per cpu, 2 threads per core) family 6 model 142 stepping 12 microcode 0xde, cmov, cx8, fxsr, mmx, sse, sse2, sse3, ssse3, sse4.1, sse4.2, popcnt, avx, avx2, aes, clmul, erms, 3dnowpref, lzcnt, ht, tsc, tscinvbit, bmi1, bmi2, adx, fma

Memory: 4k page, system-wide physical 8014M (13M free)
TotalPageFile size 26759M (AvailPageFile size 10M)
current process WorkingSet (physical memory assigned to process): 88M, peak: 168M
current process commit charge ("private bytes"): 293M, peak: 298M

vm_info: OpenJDK 64-Bit Server VM (11.0.12+7-b1504.28-7817840) for windows-amd64 JRE (11.0.12+7-b1504.28-7817840), built on Oct 13 2021 22:12:33 by "builder" with MS VC++ 14.0 (VS2015)

END.
